<?xml version="1.0" encoding="UTF-8"?>
<!-- Generated by org.testng.reporters.JUnitXMLReporter -->
<testsuite hostname="TYSS-Tatasky-7" name="TestCuke" tests="1" failures="1" timestamp="9 Dec 2021 12:52:50 GMT" time="1118.14" errors="0">
  <testcase name="feature" time="1109.928" classname="com.news18.runner.RunCukesTest">
    <failure type="cucumber.runtime.CucumberException" message="java.lang.AssertionError: Got 2 mismatch">
      <![CDATA[cucumber.runtime.CucumberException: java.lang.AssertionError: Got 2 mismatch
	at cucumber.api.testng.TestNGCucumberRunner.runCucumber(TestNGCucumberRunner.java:69)
	at cucumber.api.testng.AbstractTestNGCucumberTests.feature(AbstractTestNGCucumberTests.java:21)
Caused by: java.lang.AssertionError: Got 2 mismatch
	at com.api.base.ApplicationFuncs.writeDataIntoExcel(ApplicationFuncs.java:216)
	at com.news18.stepdefinition.Stepdefinitions_English.compare_the_stories_of_Mobile_Web_and_Mobile_App(Stepdefinitions_English.java:115)
	at ✽.Then Compare the stories of Mobile Web and Mobile App(features/A_News18_English.feature:11)
... Removed 25 stack frames]]>
    </failure>
  </testcase> <!-- feature -->
</testsuite> <!-- TestCuke -->
